/share/nas/cs-nas/zh932237/env_cmmloc_mnclv3/lib/python3.10/site-packages/huggingface_hub/file_download.py:943: FutureWarning: `resume_download` is deprecated and will be removed in version 1.0.0. Downloads always resume when possible. If you want to force a new download, use `force_download=True`.
  warnings.warn(
/share/nas/cs-nas/zh932237/env_cmmloc_mnclv3/lib/python3.10/site-packages/transformers/models/t5/tokenization_t5_fast.py:155: FutureWarning: This tokenizer was incorrectly instantiated with a model max length of 512 which will be corrected in Transformers v5.
For now, this behavior is kept to avoid breaking backwards compatibility when padding/encoding with `truncation is True`.
- Be aware that you SHOULD NOT rely on t5-large automatically truncating your input to 512 when padding/encoding.
- If you want to encode/pad to sequences longer than 512 you can either instantiate this tokenizer with `model_max_length` or pass `max_length` when encoding/padding.
- To avoid this warning, please instantiate this tokenizer with `model_max_length` set to your preferred value.
  warnings.warn(
  0%|          | 0/451 [00:00<?, ?it/s]  0%|          | 0/451 [00:00<?, ?it/s]
Traceback (most recent call last):
  File "/home/users/zh932237/.local/share/uv/python/cpython-3.10.19-linux-x86_64-gnu/lib/python3.10/runpy.py", line 196, in _run_module_as_main
    return _run_code(code, main_globals, None,
  File "/home/users/zh932237/.local/share/uv/python/cpython-3.10.19-linux-x86_64-gnu/lib/python3.10/runpy.py", line 86, in _run_code
    exec(code, run_globals)
  File "/share/nas/cs-nas/zh932237/CMMLoc_MNCLv3/training/coarse.py", line 501, in <module>
    loss, train_batches = train_epoch(model, dataloader_train, args)
  File "/share/nas/cs-nas/zh932237/CMMLoc_MNCLv3/training/coarse.py", line 97, in train_epoch
    anchor = model.encode_text(batch["texts"])
  File "/share/nas/cs-nas/zh932237/CMMLoc_MNCLv3/models/coarse/cell_retrieval.py", line 144, in encode_text
    description_encodings = self.language_encoder(descriptions)  # [B, DIM]
  File "/share/nas/cs-nas/zh932237/env_cmmloc_mnclv3/lib/python3.10/site-packages/torch/nn/modules/module.py", line 1501, in _call_impl
    return forward_call(*args, **kwargs)
  File "/share/nas/cs-nas/zh932237/CMMLoc_MNCLv3/models/coarse/language_encoder.py", line 114, in forward
    split_union_sentences.extend(text_tokenize.sent_tokenize(description))
  File "/share/nas/cs-nas/zh932237/env_cmmloc_mnclv3/lib/python3.10/site-packages/nltk/tokenize/__init__.py", line 119, in sent_tokenize
    tokenizer = _get_punkt_tokenizer(language)
  File "/share/nas/cs-nas/zh932237/env_cmmloc_mnclv3/lib/python3.10/site-packages/nltk/tokenize/__init__.py", line 105, in _get_punkt_tokenizer
    return PunktTokenizer(language)
  File "/share/nas/cs-nas/zh932237/env_cmmloc_mnclv3/lib/python3.10/site-packages/nltk/tokenize/punkt.py", line 1746, in __init__
    self.load_lang(lang)
  File "/share/nas/cs-nas/zh932237/env_cmmloc_mnclv3/lib/python3.10/site-packages/nltk/tokenize/punkt.py", line 1751, in load_lang
    lang_dir = find(f"tokenizers/punkt_tab/{lang}/")
  File "/share/nas/cs-nas/zh932237/env_cmmloc_mnclv3/lib/python3.10/site-packages/nltk/data.py", line 738, in find
    raise LookupError(resource_not_found)
LookupError: 
**********************************************************************
  Resource 'punkt_tab' not found.
  Please use the NLTK Downloader to obtain the resource:

  >>> import nltk
  >>> nltk.download('punkt_tab')

  For more information see: https://www.nltk.org/data.html

  Attempted to load 'tokenizers/punkt_tab/english/'

  Searched in:
    - '/home/users/zh932237/nltk_data'
    - '/share/nas/cs-nas/zh932237/env_cmmloc_mnclv3/nltk_data'
    - '/share/nas/cs-nas/zh932237/env_cmmloc_mnclv3/share/nltk_data'
    - '/share/nas/cs-nas/zh932237/env_cmmloc_mnclv3/lib/nltk_data'
    - '/usr/share/nltk_data'
    - '/usr/local/share/nltk_data'
    - '/usr/lib/nltk_data'
    - '/usr/local/lib/nltk_data'
**********************************************************************

